+cd "c:\Users\rames\github-classroom\FPC-advanced\fpc-advanced-classroom-1st-year-assignment-BluecodeRVU\set02"
"c:\Users\rames\github-classroom\FPC-advanced\fpc-advanced-classroom-1st-year-assignment-BluecodeRVU\set02": Invalid argument.
+gcc -g "c:\Users\rames\github-classroom\FPC-advanced\fpc-advanced-classroom-1st-year-assignment-BluecodeRVU\set02\problem03.c" -o "c:\Users\rames\github-classroom\FPC-advanced\fpc-advanced-classroom-1st-year-assignment-BluecodeRVU\set02\problem03.exe" 2>&1
Undefined command: "gcc".  Try "help".
+"c:\Users\rames\github-classroom\FPC-advanced\fpc-advanced-classroom-1st-year-assignment-BluecodeRVU\set02\problem03.exe"
Undefined command: "".  Try "help".
+"c:\Users\rames\github-classroom\FPC-advanced\fpc-advanced-classroom-1st-year-assignment-BluecodeRVU\set02\problem03.exe"
Undefined command: "".  Try "help".
+cd "c:\Users\rames\github-classroom\FPC-advanced\fpc-advanced-classroom-1st-year-assignment-BluecodeRVU\set02"
"c:\Users\rames\github-classroom\FPC-advanced\fpc-advanced-classroom-1st-year-assignment-BluecodeRVU\set02": Invalid argument.
+gcc -g "c:\Users\rames\github-classroom\FPC-advanced\fpc-advanced-classroom-1st-year-assignment-BluecodeRVU\set02\problem03.c" -o "c:\Users\rames\github-classroom\FPC-advanced\fpc-advanced-classroom-1st-year-assignment-BluecodeRVU\set02\problem03.exe" 2>&1
Undefined command: "gcc".  Try "help".
+"c:\Users\rames\github-classroom\FPC-advanced\fpc-advanced-classroom-1st-year-assignment-BluecodeRVU\set02\problem03.exe"
Undefined command: "".  Try "help".
+problem03.c
Undefined command: "problem03.c".  Try "help".
+gcd problem03.c
Undefined command: "gcd".  Try "help".
+r
`c:\Users\rames\github-classroom\FPC-advanced\fpc-advanced-classroom-1st-year-assignment-BluecodeRVU\set02\problem03.exe' has changed; re-reading symbols.
Starting program: c:\Users\rames\github-classroom\FPC-advanced\fpc-advanced-classroom-1st-year-assignment-BluecodeRVU\set02\problem03.exe 
[New Thread 32820.0xffc]
warning: Can not parse XML library list; XML support was disabled at compile time
