+l
warning: Source file is more recent than executable.
11	    n=input();
12	    while (x*x-n>0.01) {
13	        x=0.5*(x + (n / x));
14	    }
15	 
16	//test
17	return x;}
18	
19	void output(float sqrroot)
20	{   printf("%f",sqrroot);}
+l
21	
22	int main()
23	{   float n,sqrroot;
24	    sqrroot=square_root(n);
25	    output(sqrroot);}
+b
No default breakpoint address now.
+b main
Breakpoint 1 at 0x1400016d9: file c:\Users\rames\github-classroom\FPC-advanced\fpc-advanced-classroom-1st-year-assignment-BluecodeRVU\set01\problem09.c, line 25.
+b square_root
Breakpoint 2 at 0x140001627: file c:\Users\rames\github-classroom\FPC-advanced\fpc-advanced-classroom-1st-year-assignment-BluecodeRVU\set01\problem09.c, line 11.
+info
List of info subcommands:

info address -- Describe where symbol SYM is stored.
info all-registers -- List of all registers and their contents, for selected stack frame.
info args -- All argument variables of current stack frame or those matching REGEXPs.
info auto-load -- Print current status of auto-loaded files.
info auxv -- Display the inferior's auxiliary vector.
info bookmarks -- Status of user-settable bookmarks.
info breakpoints, 
   info b -- Status of specified breakpoints (all user-settable breakpoints if no argument).
info classes -- All Objective-C classes, or those matching REGEXP.
info common -- Print out the values contained in a Fortran COMMON block.
info connections -- Target connections in use.
info copying -- Conditions for redistributing copies of GDB.
info dcache -- Print information on the dcache performance.
info display -- Expressions to display when program stops, with code numbers.
info exceptions -- List all Ada exception names.
info extensions -- All filename extensions associated with a source language.
info files -- Names of targets and files being debugged.
info float -- Print the status of the floating point unit.
info frame, info f -- All about the selected stack frame.
info functions -- All function names or those matching REGEXPs.
info guile, info gu -- Prefix command for Guile info displays.
info inferiors -- Print a list of inferiors being managed.
info line -- Core addresses of the code for a source line.
info locals -- All local variables of current stack frame or those matching REGEXPs.
info macro -- Show the definition of MACRO, and it's source location.
info macros -- Show the definitions of all macros at LINESPEC, or the current source location.
info mem -- Memory region attributes.
info module -- Print information about modules.
info modules -- All module names, or those matching REGEXP.
info os -- Show OS data ARG.
info probes -- Show available static probes.
info proc -- Show additional information about a process.
info program -- Execution status of the program.
info record, info rec -- Info record options.
info registers, info r -- List of integer registers and their contents, for selected stack frame.
info scope -- List the variables local to a scope.
info selectors -- All Objective-C selectors, or those matching REGEXP.
info sharedlibrary, info dll -- Status of loaded shared object libraries.
info signals, info handle -- What debugger does when program gets various signals.
info skip -- Display the status of skips.
info source -- Information about the current source file.
info sources -- All source files in the program or those matching REGEXP.
info stack, info s -- Backtrace of the stack, or innermost COUNT frames.
info static-tracepoint-markers -- List target static tracepoints markers.
info symbol -- Describe what symbol is at location ADDR.
info target -- Names of targets and files being debugged.
info tasks -- Provide information about all known Ada tasks.
info terminal -- Print inferior's saved terminal status.
info threads -- Display currently known threads.
info tracepoints, info tp -- Status of specified tracepoints (all tracepoints if no argument).
info tvariables -- Status of trace state variables and their values.
info types -- All type names, or those matching REGEXP.
info variables -- All global and static variable names or those matching REGEXPs.
info vector -- Print the status of the vector unit.
info vtbl -- Show the virtual function table for a C++ object.
info w32 -- Print information specific to Win32 debugging.
info warranty -- Various kinds of warranty you do not have.
info watchpoints -- Status of specified watchpoints (all watchpoints if no argument).

Type "help info" followed by info subcommand name for full documentation.
Type "apropos word" to search for commands related to "word".
Type "apropos -v word" for full documentation of commands related to "word".
Command name abbreviations are allowed if unambiguous.
+c
The program is not being run.
+info b
Num     Type           Disp Enb Address            What
1       breakpoint     keep y   0x00000001400016d9 in main 
                                                   at c:\Users\rames\github-classroom\FPC-advanced\fpc-advanced-classroom-1st-year-assignment-BluecodeRVU\set01\problem09.c:25
2       breakpoint     keep y   0x0000000140001627 in square_root 
                                                   at c:\Users\rames\github-classroom\FPC-advanced\fpc-advanced-classroom-1st-year-assignment-BluecodeRVU\set01\problem09.c:11
+r
Starting program: c:\Users\rames\github-classroom\FPC-advanced\fpc-advanced-classroom-1st-year-assignment-BluecodeRVU\set01\problem09.exe 
[New Thread 13376.0x2a38]
warning: Can not parse XML library list; XML support was disabled at compile time

Thread 1 hit Breakpoint 1, main () at c:\Users\rames\github-classroom\FPC-advanced\fpc-advanced-classroom-1st-year-assignment-BluecodeRVU\set01\problem09.c:25
25	    output(sqrroot);}
+n

Thread 1 hit Breakpoint 2, square_root (n=0) at c:\Users\rames\github-classroom\FPC-advanced\fpc-advanced-classroom-1st-year-assignment-BluecodeRVU\set01\problem09.c:11
11	    n=input();
+n
12	    while (x*x-n>0.01) {
+n
13	        x=0.5*(x + (n / x));
+print x
$1 = 10
+printf n
Bad format string, missing '"'.
+p n
$2 = 3
+n
14	    }
+p n
$3 = 3
+n
13	        x=0.5*(x + (n / x));
+p n
$4 = 3
+n
14	    }
+p n
$5 = 3
+p x
$6 = 5.1500001
+n
13	        x=0.5*(x + (n / x));
+p x
$7 = 2.8662622
+n
14	    }
+p x
$8 = 2.8662622
+n
13	        x=0.5*(x + (n / x));
+p x
$9 = 1.95646071
+n
14	    }
+p x
$10 = 1.95646071
+n
13	        x=0.5*(x + (n / x));
+p x
$11 = 1.74492097
+n 
14	    }
+p x
$12 = 1.74492097
+n
13	        x=0.5*(x + (n / x));
+p x
$13 = 1.73209834
+n
18	
+n
main () at c:\Users\rames\github-classroom\FPC-advanced\fpc-advanced-classroom-1st-year-assignment-BluecodeRVU\set01\problem09.c:26
+n
0x00007ff70c7a13c1 in __tmainCRTStartup ()
+n
Single stepping until exit from function __tmainCRTStartup,
which has no line number information.
[Thread 13376.0x2a38 exited with code 0]
[Inferior 1 (process 13376) exited normally]
+q
